app/build/intermediates/manifest_merge_blame_file/debug/processDebugMainManifest/manifest-merger-blame-debug-report.txt
1<?xml version="1.0" encoding="utf-8"?>
2<manifest xmlns:android="http://schemas.android.com/apk/res/android"
3    package="com.jenugumpu.app"
4    android:versionCode="1"
5    android:versionName="1.0" >
6
7    <uses-sdk
8        android:minSdkVersion="24"
9        android:targetSdkVersion="34" />
10
11    <!-- Camera permission for image capture and AI grading -->
12    <uses-feature
12-->src\main\AndroidManifest.xml:6:5-85
13        android:name="android.hardware.camera"
13-->src\main\AndroidManifest.xml:6:19-57
14        android:required="false" />
14-->src\main\AndroidManifest.xml:6:58-82
15
16    <uses-permission android:name="android.permission.CAMERA" />
16-->src\main\AndroidManifest.xml:7:5-65
16-->src\main\AndroidManifest.xml:7:22-62
17
18    <!-- Storage permission (for older Android versions) -->
19    <uses-permission
19-->src\main\AndroidManifest.xml:10:5-11:38
20        android:name="android.permission.WRITE_EXTERNAL_STORAGE"
20-->src\main\AndroidManifest.xml:10:22-78
21        android:maxSdkVersion="28" />
21-->src\main\AndroidManifest.xml:11:9-35
22
23    <permission
23-->[androidx.core:core:1.12.0] AndroidManifest.xml:22:5-24:47
24        android:name="com.jenugumpu.app.DYNAMIC_RECEIVER_NOT_EXPORTED_PERMISSION"
24-->[androidx.core:core:1.12.0] AndroidManifest.xml:23:9-81
25        android:protectionLevel="signature" />
25-->[androidx.core:core:1.12.0] AndroidManifest.xml:24:9-44
26
27    <uses-permission android:name="com.jenugumpu.app.DYNAMIC_RECEIVER_NOT_EXPORTED_PERMISSION" /> <!-- Although the *SdkVersion is captured in gradle build files, this is required for non gradle builds -->
27-->[androidx.core:core:1.12.0] AndroidManifest.xml:26:5-97
27-->[androidx.core:core:1.12.0] AndroidManifest.xml:26:22-94
28    <!-- <uses-sdk android:minSdkVersion="14"/> -->
29    <uses-permission android:name="android.permission.ACCESS_NETWORK_STATE" />
29-->[com.google.android.datatransport:transport-backend-cct:2.3.3] AndroidManifest.xml:25:5-79
29-->[com.google.android.datatransport:transport-backend-cct:2.3.3] AndroidManifest.xml:25:22-76
30    <uses-permission android:name="android.permission.INTERNET" />
30-->[com.google.android.datatransport:transport-backend-cct:2.3.3] AndroidManifest.xml:26:5-67
30-->[com.google.android.datatransport:transport-backend-cct:2.3.3] AndroidManifest.xml:26:22-64
31
32    <application
32-->src\main\AndroidManifest.xml:13:5-34:19
33        android:allowBackup="true"
33-->src\main\AndroidManifest.xml:14:9-35
34        android:appComponentFactory="androidx.core.app.CoreComponentFactory"
34-->[androidx.core:core:1.12.0] AndroidManifest.xml:28:18-86
35        android:dataExtractionRules="@xml/data_extraction_rules"
35-->src\main\AndroidManifest.xml:15:9-65
36        android:debuggable="true"
37        android:extractNativeLibs="false"
38        android:fullBackupContent="@xml/backup_rules"
38-->src\main\AndroidManifest.xml:16:9-54
39        android:icon="@mipmap/ic_launcher"
39-->src\main\AndroidManifest.xml:17:9-43
40        android:label="@string/app_name"
40-->src\main\AndroidManifest.xml:18:9-41
41        android:roundIcon="@mipmap/ic_launcher_round"
41-->src\main\AndroidManifest.xml:19:9-54
42        android:supportsRtl="true"
42-->src\main\AndroidManifest.xml:20:9-35
43        android:testOnly="true"
44        android:theme="@style/Theme.JenuGumpu" >
44-->src\main\AndroidManifest.xml:21:9-47
45        <activity
45-->src\main\AndroidManifest.xml:24:9-33:20
46            android:name="com.jenugumpu.app.MainActivity"
46-->src\main\AndroidManifest.xml:25:13-41
47            android:exported="true"
47-->src\main\AndroidManifest.xml:26:13-36
48            android:screenOrientation="portrait"
48-->src\main\AndroidManifest.xml:28:13-49
49            android:theme="@style/Theme.JenuGumpu" >
49-->src\main\AndroidManifest.xml:27:13-51
50            <intent-filter>
50-->src\main\AndroidManifest.xml:29:13-32:29
51                <action android:name="android.intent.action.MAIN" />
51-->src\main\AndroidManifest.xml:30:17-69
51-->src\main\AndroidManifest.xml:30:25-66
52
53                <category android:name="android.intent.category.LAUNCHER" />
53-->src\main\AndroidManifest.xml:31:17-77
53-->src\main\AndroidManifest.xml:31:27-74
54            </intent-filter>
55        </activity>
56        <activity
56-->[androidx.compose.ui:ui-tooling-android:1.6.1] AndroidManifest.xml:23:9-25:39
57            android:name="androidx.compose.ui.tooling.PreviewActivity"
57-->[androidx.compose.ui:ui-tooling-android:1.6.1] AndroidManifest.xml:24:13-71
58            android:exported="true" />
58-->[androidx.compose.ui:ui-tooling-android:1.6.1] AndroidManifest.xml:25:13-36
59        <activity
59-->[androidx.compose.ui:ui-test-manifest:1.6.1] AndroidManifest.xml:23:9-25:39
60            android:name="androidx.activity.ComponentActivity"
60-->[androidx.compose.ui:ui-test-manifest:1.6.1] AndroidManifest.xml:24:13-63
61            android:exported="true" />
61-->[androidx.compose.ui:ui-test-manifest:1.6.1] AndroidManifest.xml:25:13-36
62
63        <service
63-->[androidx.camera:camera-camera2:1.3.1] AndroidManifest.xml:24:9-33:19
64            android:name="androidx.camera.core.impl.MetadataHolderService"
64-->[androidx.camera:camera-camera2:1.3.1] AndroidManifest.xml:25:13-75
65            android:enabled="false"
65-->[androidx.camera:camera-camera2:1.3.1] AndroidManifest.xml:26:13-36
66            android:exported="false" >
66-->[androidx.camera:camera-camera2:1.3.1] AndroidManifest.xml:27:13-37
67            <meta-data
67-->[androidx.camera:camera-camera2:1.3.1] AndroidManifest.xml:30:13-32:89
68                android:name="androidx.camera.core.impl.MetadataHolderService.DEFAULT_CONFIG_PROVIDER"
68-->[androidx.camera:camera-camera2:1.3.1] AndroidManifest.xml:31:17-103
69                android:value="androidx.camera.camera2.Camera2Config$DefaultProvider" />
69-->[androidx.camera:camera-camera2:1.3.1] AndroidManifest.xml:32:17-86
70        </service>
71        <service
71-->[com.google.android.gms:play-services-mlkit-barcode-scanning:18.3.0] AndroidManifest.xml:9:9-15:19
72            android:name="com.google.mlkit.common.internal.MlKitComponentDiscoveryService"
72-->[com.google.android.gms:play-services-mlkit-barcode-scanning:18.3.0] AndroidManifest.xml:10:13-91
73            android:directBootAware="true"
73-->[com.google.mlkit:common:18.9.0] AndroidManifest.xml:17:13-43
74            android:exported="false" >
74-->[com.google.android.gms:play-services-mlkit-barcode-scanning:18.3.0] AndroidManifest.xml:11:13-37
75            <meta-data
75-->[com.google.android.gms:play-services-mlkit-barcode-scanning:18.3.0] AndroidManifest.xml:12:13-14:85
76                android:name="com.google.firebase.components:com.google.mlkit.vision.barcode.internal.BarcodeRegistrar"
76-->[com.google.android.gms:play-services-mlkit-barcode-scanning:18.3.0] AndroidManifest.xml:13:17-120
77                android:value="com.google.firebase.components.ComponentRegistrar" />
77-->[com.google.android.gms:play-services-mlkit-barcode-scanning:18.3.0] AndroidManifest.xml:14:17-82
78            <meta-data
78-->[com.google.mlkit:vision-common:17.3.0] AndroidManifest.xml:12:13-14:85
79                android:name="com.google.firebase.components:com.google.mlkit.vision.common.internal.VisionCommonRegistrar"
79-->[com.google.mlkit:vision-common:17.3.0] AndroidManifest.xml:13:17-124
80                android:value="com.google.firebase.components.ComponentRegistrar" />
80-->[com.google.mlkit:vision-common:17.3.0] AndroidManifest.xml:14:17-82
81            <meta-data
81-->[com.google.mlkit:common:18.9.0] AndroidManifest.xml:20:13-22:85
82                android:name="com.google.firebase.components:com.google.mlkit.common.internal.CommonComponentRegistrar"
82-->[com.google.mlkit:common:18.9.0] AndroidManifest.xml:21:17-120
83                android:value="com.google.firebase.components.ComponentRegistrar" />
83-->[com.google.mlkit:common:18.9.0] AndroidManifest.xml:22:17-82
84        </service>
85
86        <provider
86-->[com.google.mlkit:common:18.9.0] AndroidManifest.xml:9:9-13:38
87            android:name="com.google.mlkit.common.internal.MlKitInitProvider"
87-->[com.google.mlkit:common:18.9.0] AndroidManifest.xml:10:13-78
88            android:authorities="com.jenugumpu.app.mlkitinitprovider"
88-->[com.google.mlkit:common:18.9.0] AndroidManifest.xml:11:13-69
89            android:exported="false"
89-->[com.google.mlkit:common:18.9.0] AndroidManifest.xml:12:13-37
90            android:initOrder="99" />
90-->[com.google.mlkit:common:18.9.0] AndroidManifest.xml:13:13-35
91
92        <activity
92-->[com.google.android.gms:play-services-base:18.1.0] AndroidManifest.xml:20:9-22:45
93            android:name="com.google.android.gms.common.api.GoogleApiActivity"
93-->[com.google.android.gms:play-services-base:18.1.0] AndroidManifest.xml:20:19-85
94            android:exported="false"
94-->[com.google.android.gms:play-services-base:18.1.0] AndroidManifest.xml:22:19-43
95            android:theme="@android:style/Theme.Translucent.NoTitleBar" />
95-->[com.google.android.gms:play-services-base:18.1.0] AndroidManifest.xml:21:19-78
96
97        <meta-data
97-->[com.google.android.gms:play-services-basement:18.1.0] AndroidManifest.xml:21:9-23:69
98            android:name="com.google.android.gms.version"
98-->[com.google.android.gms:play-services-basement:18.1.0] AndroidManifest.xml:22:13-58
99            android:value="@integer/google_play_services_version" />
99-->[com.google.android.gms:play-services-basement:18.1.0] AndroidManifest.xml:23:13-66
100
101        <provider
101-->[androidx.emoji2:emoji2:1.3.0] AndroidManifest.xml:24:9-32:20
102            android:name="androidx.startup.InitializationProvider"
102-->[androidx.emoji2:emoji2:1.3.0] AndroidManifest.xml:25:13-67
103            android:authorities="com.jenugumpu.app.androidx-startup"
103-->[androidx.emoji2:emoji2:1.3.0] AndroidManifest.xml:26:13-68
104            android:exported="false" >
104-->[androidx.emoji2:emoji2:1.3.0] AndroidManifest.xml:27:13-37
105            <meta-data
105-->[androidx.emoji2:emoji2:1.3.0] AndroidManifest.xml:29:13-31:52
106                android:name="androidx.emoji2.text.EmojiCompatInitializer"
106-->[androidx.emoji2:emoji2:1.3.0] AndroidManifest.xml:30:17-75
107                android:value="androidx.startup" />
107-->[androidx.emoji2:emoji2:1.3.0] AndroidManifest.xml:31:17-49
108            <meta-data
108-->[androidx.lifecycle:lifecycle-process:2.7.0] AndroidManifest.xml:29:13-31:52
109                android:name="androidx.lifecycle.ProcessLifecycleInitializer"
109-->[androidx.lifecycle:lifecycle-process:2.7.0] AndroidManifest.xml:30:17-78
110                android:value="androidx.startup" />
110-->[androidx.lifecycle:lifecycle-process:2.7.0] AndroidManifest.xml:31:17-49
111            <meta-data
111-->[androidx.profileinstaller:profileinstaller:1.3.1] AndroidManifest.xml:29:13-31:52
112                android:name="androidx.profileinstaller.ProfileInstallerInitializer"
112-->[androidx.profileinstaller:profileinstaller:1.3.1] AndroidManifest.xml:30:17-85
113                android:value="androidx.startup" />
113-->[androidx.profileinstaller:profileinstaller:1.3.1] AndroidManifest.xml:31:17-49
114        </provider>
115
116        <service
116-->[androidx.room:room-runtime:2.6.1] AndroidManifest.xml:24:9-28:63
117            android:name="androidx.room.MultiInstanceInvalidationService"
117-->[androidx.room:room-runtime:2.6.1] AndroidManifest.xml:25:13-74
118            android:directBootAware="true"
118-->[androidx.room:room-runtime:2.6.1] AndroidManifest.xml:26:13-43
119            android:exported="false" />
119-->[androidx.room:room-runtime:2.6.1] AndroidManifest.xml:27:13-37
120        <service
120-->[com.google.android.datatransport:transport-backend-cct:2.3.3] AndroidManifest.xml:29:9-35:19
121            android:name="com.google.android.datatransport.runtime.backends.TransportBackendDiscovery"
121-->[com.google.android.datatransport:transport-backend-cct:2.3.3] AndroidManifest.xml:30:13-103
122            android:exported="false" >
122-->[com.google.android.datatransport:transport-backend-cct:2.3.3] AndroidManifest.xml:31:13-37
123            <meta-data
123-->[com.google.android.datatransport:transport-backend-cct:2.3.3] AndroidManifest.xml:32:13-34:39
124                android:name="backend:com.google.android.datatransport.cct.CctBackendFactory"
124-->[com.google.android.datatransport:transport-backend-cct:2.3.3] AndroidManifest.xml:33:17-94
125                android:value="cct" />
125-->[com.google.android.datatransport:transport-backend-cct:2.3.3] AndroidManifest.xml:34:17-36
126        </service>
127        <service
127-->[com.google.android.datatransport:transport-runtime:2.2.6] AndroidManifest.xml:26:9-30:19
128            android:name="com.google.android.datatransport.runtime.scheduling.jobscheduling.JobInfoSchedulerService"
128-->[com.google.android.datatransport:transport-runtime:2.2.6] AndroidManifest.xml:27:13-117
129            android:exported="false"
129-->[com.google.android.datatransport:transport-runtime:2.2.6] AndroidManifest.xml:28:13-37
130            android:permission="android.permission.BIND_JOB_SERVICE" >
130-->[com.google.android.datatransport:transport-runtime:2.2.6] AndroidManifest.xml:29:13-69
131        </service>
132
133        <receiver
133-->[com.google.android.datatransport:transport-runtime:2.2.6] AndroidManifest.xml:32:9-34:40
134            android:name="com.google.android.datatransport.runtime.scheduling.jobscheduling.AlarmManagerSchedulerBroadcastReceiver"
134-->[com.google.android.datatransport:transport-runtime:2.2.6] AndroidManifest.xml:33:13-132
135            android:exported="false" />
135-->[com.google.android.datatransport:transport-runtime:2.2.6] AndroidManifest.xml:34:13-37
136        <receiver
136-->[androidx.profileinstaller:profileinstaller:1.3.1] AndroidManifest.xml:34:9-52:20
137            android:name="androidx.profileinstaller.ProfileInstallReceiver"
137-->[androidx.profileinstaller:profileinstaller:1.3.1] AndroidManifest.xml:35:13-76
138            android:directBootAware="false"
138-->[androidx.profileinstaller:profileinstaller:1.3.1] AndroidManifest.xml:36:13-44
139            android:enabled="true"
139-->[androidx.profileinstaller:profileinstaller:1.3.1] AndroidManifest.xml:37:13-35
140            android:exported="true"
140-->[androidx.profileinstaller:profileinstaller:1.3.1] AndroidManifest.xml:38:13-36
141            android:permission="android.permission.DUMP" >
141-->[androidx.profileinstaller:profileinstaller:1.3.1] AndroidManifest.xml:39:13-57
142            <intent-filter>
142-->[androidx.profileinstaller:profileinstaller:1.3.1] AndroidManifest.xml:40:13-42:29
143                <action android:name="androidx.profileinstaller.action.INSTALL_PROFILE" />
143-->[androidx.profileinstaller:profileinstaller:1.3.1] AndroidManifest.xml:41:17-91
143-->[androidx.profileinstaller:profileinstaller:1.3.1] AndroidManifest.xml:41:25-88
144            </intent-filter>
145            <intent-filter>
145-->[androidx.profileinstaller:profileinstaller:1.3.1] AndroidManifest.xml:43:13-45:29
146                <action android:name="androidx.profileinstaller.action.SKIP_FILE" />
146-->[androidx.profileinstaller:profileinstaller:1.3.1] AndroidManifest.xml:44:17-85
146-->[androidx.profileinstaller:profileinstaller:1.3.1] AndroidManifest.xml:44:25-82
147            </intent-filter>
148            <intent-filter>
148-->[androidx.profileinstaller:profileinstaller:1.3.1] AndroidManifest.xml:46:13-48:29
149                <action android:name="androidx.profileinstaller.action.SAVE_PROFILE" />
149-->[androidx.profileinstaller:profileinstaller:1.3.1] AndroidManifest.xml:47:17-88
149-->[androidx.profileinstaller:profileinstaller:1.3.1] AndroidManifest.xml:47:25-85
150            </intent-filter>
151            <intent-filter>
151-->[androidx.profileinstaller:profileinstaller:1.3.1] AndroidManifest.xml:49:13-51:29
152                <action android:name="androidx.profileinstaller.action.BENCHMARK_OPERATION" />
152-->[androidx.profileinstaller:profileinstaller:1.3.1] AndroidManifest.xml:50:17-95
152-->[androidx.profileinstaller:profileinstaller:1.3.1] AndroidManifest.xml:50:25-92
153            </intent-filter>
154        </receiver>
155    </application>
156
157</manifest>